Determining if the pthread_create exist failed with the following output:
Change Dir: /home/pc/wws/SingHttpServer/build/CMakeFiles/CMakeTmp

Run Build Command:"/usr/bin/make" "cmTC_741cd/fast"
/usr/bin/make -f CMakeFiles/cmTC_741cd.dir/build.make CMakeFiles/cmTC_741cd.dir/build
make[1]: Entering directory '/home/pc/wws/SingHttpServer/build/CMakeFiles/CMakeTmp'
Building C object CMakeFiles/cmTC_741cd.dir/CheckSymbolExists.c.o
/usr/bin/x86_64-linux-gnu-gcc-7    -o CMakeFiles/cmTC_741cd.dir/CheckSymbolExists.c.o   -c /home/pc/wws/SingHttpServer/build/CMakeFiles/CMakeTmp/CheckSymbolExists.c
Linking C executable cmTC_741cd
/usr/bin/cmake -E cmake_link_script CMakeFiles/cmTC_741cd.dir/link.txt --verbose=1
/usr/bin/x86_64-linux-gnu-gcc-7      -rdynamic CMakeFiles/cmTC_741cd.dir/CheckSymbolExists.c.o  -o cmTC_741cd 
CMakeFiles/cmTC_741cd.dir/CheckSymbolExists.c.o: In function `main':
CheckSymbolExists.c:(.text+0x1b): undefined reference to `pthread_create'
collect2: error: ld returned 1 exit status
CMakeFiles/cmTC_741cd.dir/build.make:97: recipe for target 'cmTC_741cd' failed
make[1]: *** [cmTC_741cd] Error 1
make[1]: Leaving directory '/home/pc/wws/SingHttpServer/build/CMakeFiles/CMakeTmp'
Makefile:126: recipe for target 'cmTC_741cd/fast' failed
make: *** [cmTC_741cd/fast] Error 2

File /home/pc/wws/SingHttpServer/build/CMakeFiles/CMakeTmp/CheckSymbolExists.c:
/* */
#include <pthread.h>

int main(int argc, char** argv)
{
  (void)argv;
#ifndef pthread_create
  return ((int*)(&pthread_create))[argc];
#else
  (void)argc;
  return 0;
#endif
}

Determining if the function pthread_create exists in the pthreads failed with the following output:
Change Dir: /home/pc/wws/SingHttpServer/build/CMakeFiles/CMakeTmp

Run Build Command:"/usr/bin/make" "cmTC_f7952/fast"
/usr/bin/make -f CMakeFiles/cmTC_f7952.dir/build.make CMakeFiles/cmTC_f7952.dir/build
make[1]: Entering directory '/home/pc/wws/SingHttpServer/build/CMakeFiles/CMakeTmp'
Building C object CMakeFiles/cmTC_f7952.dir/CheckFunctionExists.c.o
/usr/bin/x86_64-linux-gnu-gcc-7   -DCHECK_FUNCTION_EXISTS=pthread_create   -o CMakeFiles/cmTC_f7952.dir/CheckFunctionExists.c.o   -c /usr/share/cmake-3.10/Modules/CheckFunctionExists.c
Linking C executable cmTC_f7952
/usr/bin/cmake -E cmake_link_script CMakeFiles/cmTC_f7952.dir/link.txt --verbose=1
/usr/bin/x86_64-linux-gnu-gcc-7  -DCHECK_FUNCTION_EXISTS=pthread_create    -rdynamic CMakeFiles/cmTC_f7952.dir/CheckFunctionExists.c.o  -o cmTC_f7952 -lpthreads 
/usr/bin/ld: cannot find -lpthreads
collect2: error: ld returned 1 exit status
CMakeFiles/cmTC_f7952.dir/build.make:97: recipe for target 'cmTC_f7952' failed
make[1]: *** [cmTC_f7952] Error 1
make[1]: Leaving directory '/home/pc/wws/SingHttpServer/build/CMakeFiles/CMakeTmp'
Makefile:126: recipe for target 'cmTC_f7952/fast' failed
make: *** [cmTC_f7952/fast] Error 2


